
/* do_switch(int) */
int32_t _Z9do_switchi(int32_t a1) {
    int32_t eax2;
    int32_t eax3;

    eax2 = a1;
    if (eax2 == 5) {
        eax3 = (int32_t)"five";
    } else {
        if (eax2 > 5) {
            if (eax2 == 8) {
                eax3 = (int32_t)"eight";
            } else {
                if (eax2 > 8) {
                    if (eax2 == 10) {
                        eax3 = (int32_t)"ten";
                    } else {
                        if (eax2 < 10) {
                            eax3 = (int32_t)"nine";
                        } else {
                            if (eax2 == 0x18894) {
                                eax3 = (int32_t)"stopyatsot";
                            } else {
                                goto addr_0x8048189_14;
                            }
                        }
                    }
                } else {
                    if (eax2 == 6) {
                        eax3 = (int32_t)"six";
                    } else {
                        if (eax2 == 7) {
                            eax3 = (int32_t)"seven";
                        } else {
                            goto addr_0x8048189_14;
                        }
                    }
                }
            }
        } else {
            if (eax2 == 2) {
                eax3 = (int32_t)"two";
            } else {
                if (eax2 > 2) {
                    if (eax2 == 3) {
                        eax3 = (int32_t)"three";
                    } else {
                        if (eax2 == 4) {
                            eax3 = (int32_t)"four";
                        } else {
                            goto addr_0x8048189_14;
                        }
                    }
                } else {
                    if (eax2 == 0) {
                        eax3 = (int32_t)"zero";
                    } else {
                        if (eax2 == 1) {
                            eax3 = (int32_t)"one";
                        } else {
                            goto addr_0x8048189_14;
                        }
                    }
                }
            }
        }
    }
    addr_0x804818e_33:
    return eax3;
    addr_0x8048189_14:
    eax3 = (int32_t)"many";
    goto addr_0x804818e_33;
}
